# JRE version: OpenJDK Runtime Environment Temurin-17.0.5+8 (17.0.5+8) (build 17.0.5+8)
# Java VM: OpenJDK 64-Bit Server VM Temurin-17.0.5+8 (17.0.5+8, mixed mode, tiered, compressed oops, compressed class ptrs, parallel gc, windows-amd64)
GC Precious Log:
 CPUs: 4 total, 4 available
 Memory: 8050M
 Large Page Support: Disabled
 NUMA Support: Disabled
 Compressed Oops: Enabled (32-bit)
 Alignments: Space 512K, Generation 512K, Heap 2M
 Heap Min Capacity: 100M
 Heap Initial Capacity: 100M
 Heap Max Capacity: 1G
 Pre-touch: Disabled
 Parallel Workers: 4
Heap:
 PSYoungGen      total 23040K, used 22575K [0x00000000eab00000, 0x00000000ec500000, 0x0000000100000000)
  eden space 22016K, 97% used [0x00000000eab00000,0x00000000ec00c298,0x00000000ec080000)
  from space 1024K, 99% used [0x00000000ec400000,0x00000000ec4ffb10,0x00000000ec500000)
  to   space 2048K, 0% used [0x00000000ec100000,0x00000000ec100000,0x00000000ec300000)
 ParOldGen       total 371200K, used 364448K [0x00000000c0000000, 0x00000000d6a80000, 0x00000000eab00000)
  object space 371200K, 98% used [0x00000000c0000000,0x00000000d63e8150,0x00000000d6a80000)
 Metaspace       used 96865K, committed 98112K, reserved 1138688K
  class space    used 9303K, committed 9920K, reserved 1048576K
GC Heap History (20 events):
Event: 7210.473 GC heap before
{Heap before GC invocations=19422 (full 607):
 PSYoungGen      total 24064K, used 24062K [0x00000000eab00000, 0x00000000ec780000, 0x0000000100000000)
  eden space 22016K, 100% used [0x00000000eab00000,0x00000000ec080000,0x00000000ec080000)
  from space 2048K, 99% used [0x00000000ec500000,0x00000000ec6ffb10,0x00000000ec700000)
  to   space 512K, 0% used [0x00000000ec700000,0x00000000ec700000,0x00000000ec780000)
 ParOldGen       total 371200K, used 349743K [0x00000000c0000000, 0x00000000d6a80000, 0x00000000eab00000)
  object space 371200K, 94% used [0x00000000c0000000,0x00000000d558bdb8,0x00000000d6a80000)
 Metaspace       used 96865K, committed 98112K, reserved 1138688K
  class space    used 9303K, committed 9920K, reserved 1048576K
}
Event: 7210.477 GC heap after
{Heap after GC invocations=19422 (full 607):
 PSYoungGen      total 22528K, used 512K [0x00000000eab00000, 0x00000000ec780000, 0x0000000100000000)
  eden space 22016K, 0% used [0x00000000eab00000,0x00000000eab00000,0x00000000ec080000)
  from space 512K, 100% used [0x00000000ec700000,0x00000000ec780000,0x00000000ec780000)
  to   space 3072K, 0% used [0x00000000ec180000,0x00000000ec180000,0x00000000ec480000)
 ParOldGen       total 371200K, used 351870K [0x00000000c0000000, 0x00000000d6a80000, 0x00000000eab00000)
  object space 371200K, 94% used [0x00000000c0000000,0x00000000d579f938,0x00000000d6a80000)
 Metaspace       used 96865K, committed 98112K, reserved 1138688K
  class space    used 9303K, committed 9920K, reserved 1048576K
}
Event: 7210.844 GC heap before
{Heap before GC invocations=19423 (full 607):
 PSYoungGen      total 22528K, used 22528K [0x00000000eab00000, 0x00000000ec780000, 0x0000000100000000)
  eden space 22016K, 100% used [0x00000000eab00000,0x00000000ec080000,0x00000000ec080000)
  from space 512K, 100% used [0x00000000ec700000,0x00000000ec780000,0x00000000ec780000)
  to   space 3072K, 0% used [0x00000000ec180000,0x00000000ec180000,0x00000000ec480000)
 ParOldGen       total 371200K, used 351870K [0x00000000c0000000, 0x00000000d6a80000, 0x00000000eab00000)
  object space 371200K, 94% used [0x00000000c0000000,0x00000000d579f938,0x00000000d6a80000)
 Metaspace       used 96865K, committed 98112K, reserved 1138688K
  class space    used 9303K, committed 9920K, reserved 1048576K
}
Event: 7210.846 GC heap after
{Heap after GC invocations=19423 (full 607):
 PSYoungGen      total 25088K, used 1828K [0x00000000eab00000, 0x00000000ec780000, 0x0000000100000000)
  eden space 22016K, 0% used [0x00000000eab00000,0x00000000eab00000,0x00000000ec080000)
  from space 3072K, 59% used [0x00000000ec180000,0x00000000ec349210,0x00000000ec480000)
  to   space 2560K, 0% used [0x00000000ec500000,0x00000000ec500000,0x00000000ec780000)
 ParOldGen       total 371200K, used 351886K [0x00000000c0000000, 0x00000000d6a80000, 0x00000000eab00000)
  object space 371200K, 94% used [0x00000000c0000000,0x00000000d57a3938,0x00000000d6a80000)
 Metaspace       used 96865K, committed 98112K, reserved 1138688K
  class space    used 9303K, committed 9920K, reserved 1048576K
}
Event: 7211.419 GC heap before
{Heap before GC invocations=19424 (full 607):
 PSYoungGen      total 25088K, used 23844K [0x00000000eab00000, 0x00000000ec780000, 0x0000000100000000)
  eden space 22016K, 100% used [0x00000000eab00000,0x00000000ec080000,0x00000000ec080000)
  from space 3072K, 59% used [0x00000000ec180000,0x00000000ec349210,0x00000000ec480000)
  to   space 2560K, 0% used [0x00000000ec500000,0x00000000ec500000,0x00000000ec780000)
 ParOldGen       total 371200K, used 351886K [0x00000000c0000000, 0x00000000d6a80000, 0x00000000eab00000)
  object space 371200K, 94% used [0x00000000c0000000,0x00000000d57a3938,0x00000000d6a80000)
 Metaspace       used 96865K, committed 98112K, reserved 1138688K
  class space    used 9303K, committed 9920K, reserved 1048576K
}
Event: 7211.421 GC heap after
{Heap after GC invocations=19424 (full 607):
 PSYoungGen      total 23552K, used 1348K [0x00000000eab00000, 0x00000000ec680000, 0x0000000100000000)
  eden space 22016K, 0% used [0x00000000eab00000,0x00000000eab00000,0x00000000ec080000)
  from space 1536K, 87% used [0x00000000ec500000,0x00000000ec651210,0x00000000ec680000)
  to   space 2048K, 0% used [0x00000000ec280000,0x00000000ec280000,0x00000000ec480000)
 ParOldGen       total 371200K, used 351886K [0x00000000c0000000, 0x00000000d6a80000, 0x00000000eab00000)
  object space 371200K, 94% used [0x00000000c0000000,0x00000000d57a3938,0x00000000d6a80000)
 Metaspace       used 96865K, committed 98112K, reserved 1138688K
  class space    used 9303K, committed 9920K, reserved 1048576K
}
Event: 7211.552 GC heap before
{Heap before GC invocations=19425 (full 607):
 PSYoungGen      total 23552K, used 23364K [0x00000000eab00000, 0x00000000ec680000, 0x0000000100000000)
  eden space 22016K, 100% used [0x00000000eab00000,0x00000000ec080000,0x00000000ec080000)
  from space 1536K, 87% used [0x00000000ec500000,0x00000000ec651210,0x00000000ec680000)
  to   space 2048K, 0% used [0x00000000ec280000,0x00000000ec280000,0x00000000ec480000)
 ParOldGen       total 371200K, used 351886K [0x00000000c0000000, 0x00000000d6a80000, 0x00000000eab00000)
  object space 371200K, 94% used [0x00000000c0000000,0x00000000d57a3938,0x00000000d6a80000)
 Metaspace       used 96865K, committed 98112K, reserved 1138688K
  class space    used 9303K, committed 9920K, reserved 1048576K
}
Event: 7211.555 GC heap after
{Heap after GC invocations=19425 (full 607):
 PSYoungGen      total 24064K, used 1652K [0x00000000eab00000, 0x00000000ec580000, 0x0000000100000000)
  eden space 22016K, 0% used [0x00000000eab00000,0x00000000eab00000,0x00000000ec080000)
  from space 2048K, 80% used [0x00000000ec280000,0x00000000ec41d200,0x00000000ec480000)
  to   space 1024K, 0% used [0x00000000ec480000,0x00000000ec480000,0x00000000ec580000)
 ParOldGen       total 371200K, used 351886K [0x00000000c0000000, 0x00000000d6a80000, 0x00000000eab00000)
  object space 371200K, 94% used [0x00000000c0000000,0x00000000d57a3938,0x00000000d6a80000)
 Metaspace       used 96865K, committed 98112K, reserved 1138688K
  class space    used 9303K, committed 9920K, reserved 1048576K
}
Event: 7211.667 GC heap before
{Heap before GC invocations=19426 (full 607):
 PSYoungGen      total 24064K, used 23668K [0x00000000eab00000, 0x00000000ec580000, 0x0000000100000000)
  eden space 22016K, 100% used [0x00000000eab00000,0x00000000ec080000,0x00000000ec080000)
  from space 2048K, 80% used [0x00000000ec280000,0x00000000ec41d200,0x00000000ec480000)
  to   space 1024K, 0% used [0x00000000ec480000,0x00000000ec480000,0x00000000ec580000)
 ParOldGen       total 371200K, used 351886K [0x00000000c0000000, 0x00000000d6a80000, 0x00000000eab00000)
  object space 371200K, 94% used [0x00000000c0000000,0x00000000d57a3938,0x00000000d6a80000)
 Metaspace       used 96865K, committed 98112K, reserved 1138688K
  class space    used 9303K, committed 9920K, reserved 1048576K
}
Event: 7211.686 GC heap after
{Heap after GC invocations=19426 (full 607):
 PSYoungGen      total 23040K, used 1012K [0x00000000eab00000, 0x00000000ec580000, 0x0000000100000000)
  eden space 22016K, 0% used [0x00000000eab00000,0x00000000eab00000,0x00000000ec080000)
  from space 1024K, 98% used [0x00000000ec480000,0x00000000ec57d200,0x00000000ec580000)
  to   space 1536K, 0% used [0x00000000ec280000,0x00000000ec280000,0x00000000ec400000)
 ParOldGen       total 371200K, used 352250K [0x00000000c0000000, 0x00000000d6a80000, 0x00000000eab00000)
  object space 371200K, 94% used [0x00000000c0000000,0x00000000d57fe968,0x00000000d6a80000)
 Metaspace       used 96865K, committed 98112K, reserved 1138688K
  class space    used 9303K, committed 9920K, reserved 1048576K
}
Event: 7228.033 GC heap before
{Heap before GC invocations=19427 (full 607):
 PSYoungGen      total 23040K, used 23028K [0x00000000eab00000, 0x00000000ec580000, 0x0000000100000000)
  eden space 22016K, 100% used [0x00000000eab00000,0x00000000ec080000,0x00000000ec080000)
  from space 1024K, 98% used [0x00000000ec480000,0x00000000ec57d200,0x00000000ec580000)
  to   space 1536K, 0% used [0x00000000ec280000,0x00000000ec280000,0x00000000ec400000)
 ParOldGen       total 371200K, used 352250K [0x00000000c0000000, 0x00000000d6a80000, 0x00000000eab00000)
  object space 371200K, 94% used [0x00000000c0000000,0x00000000d57fe968,0x00000000d6a80000)
 Metaspace       used 96865K, committed 98112K, reserved 1138688K
  class space    used 9303K, committed 9920K, reserved 1048576K
}
Event: 7228.067 GC heap after
{Heap after GC invocations=19427 (full 607):
 PSYoungGen      total 23552K, used 1460K [0x00000000eab00000, 0x00000000ec500000, 0x0000000100000000)
  eden space 22016K, 0% used [0x00000000eab00000,0x00000000eab00000,0x00000000ec080000)
  from space 1536K, 95% used [0x00000000ec280000,0x00000000ec3ed220,0x00000000ec400000)
  to   space 1024K, 0% used [0x00000000ec400000,0x00000000ec400000,0x00000000ec500000)
 ParOldGen       total 371200K, used 352258K [0x00000000c0000000, 0x00000000d6a80000, 0x00000000eab00000)
  object space 371200K, 94% used [0x00000000c0000000,0x00000000d5800968,0x00000000d6a80000)
 Metaspace       used 96865K, committed 98112K, reserved 1138688K
  class space    used 9303K, committed 9920K, reserved 1048576K
}
Event: 7232.166 GC heap before
{Heap before GC invocations=19428 (full 607):
 PSYoungGen      total 23552K, used 23476K [0x00000000eab00000, 0x00000000ec500000, 0x0000000100000000)
  eden space 22016K, 100% used [0x00000000eab00000,0x00000000ec080000,0x00000000ec080000)
  from space 1536K, 95% used [0x00000000ec280000,0x00000000ec3ed220,0x00000000ec400000)
  to   space 1024K, 0% used [0x00000000ec400000,0x00000000ec400000,0x00000000ec500000)
 ParOldGen       total 371200K, used 352258K [0x00000000c0000000, 0x00000000d6a80000, 0x00000000eab00000)
  object space 371200K, 94% used [0x00000000c0000000,0x00000000d5800968,0x00000000d6a80000)
 Metaspace       used 96865K, committed 98112K, reserved 1138688K
  class space    used 9303K, committed 9920K, reserved 1048576K
}
Event: 7232.208 GC heap after
{Heap after GC invocations=19428 (full 607):
 PSYoungGen      total 23040K, used 1012K [0x00000000eab00000, 0x00000000ec500000, 0x0000000100000000)
  eden space 22016K, 0% used [0x00000000eab00000,0x00000000eab00000,0x00000000ec080000)
  from space 1024K, 98% used [0x00000000ec400000,0x00000000ec4fd220,0x00000000ec500000)
  to   space 1536K, 0% used [0x00000000ec280000,0x00000000ec280000,0x00000000ec400000)
 ParOldGen       total 371200K, used 355640K [0x00000000c0000000, 0x00000000d6a80000, 0x00000000eab00000)
  object space 371200K, 95% used [0x00000000c0000000,0x00000000d5b4e138,0x00000000d6a80000)
 Metaspace       used 96865K, committed 98112K, reserved 1138688K
  class space    used 9303K, committed 9920K, reserved 1048576K
}
Event: 7233.592 GC heap before
{Heap before GC invocations=19429 (full 607):
 PSYoungGen      total 23040K, used 23028K [0x00000000eab00000, 0x00000000ec500000, 0x0000000100000000)
  eden space 22016K, 100% used [0x00000000eab00000,0x00000000ec080000,0x00000000ec080000)
  from space 1024K, 98% used [0x00000000ec400000,0x00000000ec4fd220,0x00000000ec500000)
  to   space 1536K, 0% used [0x00000000ec280000,0x00000000ec280000,0x00000000ec400000)
 ParOldGen       total 371200K, used 355640K [0x00000000c0000000, 0x00000000d6a80000, 0x00000000eab00000)
  object space 371200K, 95% used [0x00000000c0000000,0x00000000d5b4e138,0x00000000d6a80000)
 Metaspace       used 96865K, committed 98112K, reserved 1138688K
  class space    used 9303K, committed 9920K, reserved 1048576K
}
Event: 7233.608 GC heap after
{Heap after GC invocations=19429 (full 607):
 PSYoungGen      total 23552K, used 1305K [0x00000000eab00000, 0x00000000ec500000, 0x0000000100000000)
  eden space 22016K, 0% used [0x00000000eab00000,0x00000000eab00000,0x00000000ec080000)
  from space 1536K, 84% used [0x00000000ec280000,0x00000000ec3c6410,0x00000000ec400000)
  to   space 1024K, 0% used [0x00000000ec400000,0x00000000ec400000,0x00000000ec500000)
 ParOldGen       total 371200K, used 355960K [0x00000000c0000000, 0x00000000d6a80000, 0x00000000eab00000)
  object space 371200K, 95% used [0x00000000c0000000,0x00000000d5b9e138,0x00000000d6a80000)
 Metaspace       used 96865K, committed 98112K, reserved 1138688K
  class space    used 9303K, committed 9920K, reserved 1048576K
}
Event: 7233.799 GC heap before
{Heap before GC invocations=19430 (full 607):
 PSYoungGen      total 23552K, used 23321K [0x00000000eab00000, 0x00000000ec500000, 0x0000000100000000)
  eden space 22016K, 100% used [0x00000000eab00000,0x00000000ec080000,0x00000000ec080000)
  from space 1536K, 84% used [0x00000000ec280000,0x00000000ec3c6410,0x00000000ec400000)
  to   space 1024K, 0% used [0x00000000ec400000,0x00000000ec400000,0x00000000ec500000)
 ParOldGen       total 371200K, used 355960K [0x00000000c0000000, 0x00000000d6a80000, 0x00000000eab00000)
  object space 371200K, 95% used [0x00000000c0000000,0x00000000d5b9e138,0x00000000d6a80000)
 Metaspace       used 96865K, committed 98112K, reserved 1138688K
  class space    used 9303K, committed 9920K, reserved 1048576K
}
Event: 7233.801 GC heap after
{Heap after GC invocations=19430 (full 607):
 PSYoungGen      total 23040K, used 1017K [0x00000000eab00000, 0x00000000ec500000, 0x0000000100000000)
  eden space 22016K, 0% used [0x00000000eab00000,0x00000000eab00000,0x00000000ec080000)
  from space 1024K, 99% used [0x00000000ec400000,0x00000000ec4fe430,0x00000000ec500000)
  to   space 2048K, 0% used [0x00000000ec100000,0x00000000ec100000,0x00000000ec300000)
 ParOldGen       total 371200K, used 356636K [0x00000000c0000000, 0x00000000d6a80000, 0x00000000eab00000)
  object space 371200K, 96% used [0x00000000c0000000,0x00000000d5c471a8,0x00000000d6a80000)
 Metaspace       used 96865K, committed 98112K, reserved 1138688K
  class space    used 9303K, committed 9920K, reserved 1048576K
}
Event: 7233.990 GC heap before
{Heap before GC invocations=19431 (full 607):
 PSYoungGen      total 23040K, used 23033K [0x00000000eab00000, 0x00000000ec500000, 0x0000000100000000)
  eden space 22016K, 100% used [0x00000000eab00000,0x00000000ec080000,0x00000000ec080000)
  from space 1024K, 99% used [0x00000000ec400000,0x00000000ec4fe430,0x00000000ec500000)
  to   space 2048K, 0% used [0x00000000ec100000,0x00000000ec100000,0x00000000ec300000)
 ParOldGen       total 371200K, used 356636K [0x00000000c0000000, 0x00000000d6a80000, 0x00000000eab00000)
  object space 371200K, 96% used [0x00000000c0000000,0x00000000d5c471a8,0x00000000d6a80000)
 Metaspace       used 96865K, committed 98112K, reserved 1138688K
  class space    used 9303K, committed 9920K, reserved 1048576K
}
Event: 7233.992 GC heap after
{Heap after GC invocations=19431 (full 607):
 PSYoungGen      total 24064K, used 2019K [0x00000000eab00000, 0x00000000ec500000, 0x0000000100000000)
  eden space 22016K, 0% used [0x00000000eab00000,0x00000000eab00000,0x00000000ec080000)
  from space 2048K, 98% used [0x00000000ec100000,0x00000000ec2f8d20,0x00000000ec300000)
  to   space 1024K, 0% used [0x00000000ec400000,0x00000000ec400000,0x00000000ec500000)
 ParOldGen       total 371200K, used 356986K [0x00000000c0000000, 0x00000000d6a80000, 0x00000000eab00000)
  object space 371200K, 96% used [0x00000000c0000000,0x00000000d5c9e948,0x00000000d6a80000)
 Metaspace       used 96865K, committed 98112K, reserved 1138688K
  class space    used 9303K, committed 9920K, reserved 1048576K
}

